<?xml version="1.0" encoding="UTF-8"?>
<!-- Generated by org.testng.reporters.JUnitReportReporter -->
<testsuite hostname="DESKTOP-KGARMQN" failures="0" tests="1" name="Browser.browser" time="11.375" errors="0" timestamp="2021-10-27T15:22:10 IST" skipped="0">
  <testcase classname="Browser.browser" name="test" time="11.375"/>
  <system-out/>
</testsuite> <!-- Browser.browser -->
