<?xml version="1.0" encoding="UTF-8"?>
<!-- Generated by org.testng.reporters.JUnitReportReporter -->
<testsuite hostname="DESKTOP-KGARMQN" failures="0" tests="1" name="Positive.positive" time="6.521" errors="0" timestamp="2021-10-28T10:56:50 IST" skipped="0">
  <testcase classname="Positive.positive" name="Testone" time="6.521"/>
  <system-out/>
</testsuite> <!-- Positive.positive -->
